<?xml version="1.0" encoding="UTF-8"?>
<coverage generated="1720102970041" clover="3.2.0">
  <project timestamp="1720102970041" name="All files">
    <metrics statements="8" coveredstatements="8" conditionals="8" coveredconditionals="7" methods="1" coveredmethods="1" elements="17" coveredelements="16" complexity="0" loc="8" ncloc="8" packages="1" files="1" classes="1"/>
    <file name="calculatrice.js" path="/Users/felicianomandjam/Desktop/Developpement_Web /formationCreteil /DevOps/Test/EvaluationTestUnitaire/newCalculatrice/calculatrice.js">
      <metrics statements="8" coveredstatements="8" conditionals="8" coveredconditionals="7" methods="1" coveredmethods="1"/>
      <line num="2" count="5" type="cond" truecount="2" falsecount="0"/>
      <line num="4" count="4" type="cond" truecount="2" falsecount="0"/>
      <line num="6" count="3" type="cond" truecount="2" falsecount="0"/>
      <line num="8" count="2" type="cond" truecount="1" falsecount="1"/>
      <line num="9" count="2" type="stmt"/>
      <line num="10" count="2" type="stmt"/>
      <line num="11" count="2" type="stmt"/>
      <line num="15" count="1" type="stmt"/>
    </file>
  </project>
</coverage>
