{"/Users/felicianomandjam/Desktop/Developpement_Web /formationCreteil /DevOps/Test/EvaluationTestUnitaire/newCalculatrice/calculatrice.js": {"path":"/Users/felicianomandjam/Desktop/Developpement_Web /formationCreteil /DevOps/Test/EvaluationTestUnitaire/newCalculatrice/calculatrice.js","statementMap":{"0":{"start":{"line":2,"column":2},"end":{"line":2,"column":31}},"1":{"start":{"line":2,"column":16},"end":{"line":2,"column":31}},"2":{"start":{"line":4,"column":2},"end":{"line":4,"column":31}},"3":{"start":{"line":4,"column":16},"end":{"line":4,"column":31}},"4":{"start":{"line":6,"column":2},"end":{"line":6,"column":31}},"5":{"start":{"line":6,"column":16},"end":{"line":6,"column":31}},"6":{"start":{"line":8,"column":2},"end":{"line":12,"column":3}},"7":{"start":{"line":9,"column":21},"end":{"line":9,"column":28}},"8":{"start":{"line":10,"column":26},"end":{"line":10,"column":45}},"9":{"start":{"line":11,"column":4},"end":{"line":11,"column":33}},"10":{"start":{"line":15,"column":0},"end":{"line":15,"column":25}}},"fnMap":{"0":{"name":"calcule","decl":{"start":{"line":1,"column":9},"end":{"line":1,"column":16}},"loc":{"start":{"line":1,"column":28},"end":{"line":13,"column":1}},"line":1}},"branchMap":{"0":{"loc":{"start":{"line":2,"column":2},"end":{"line":2,"column":31}},"type":"if","locations":[{"start":{"line":2,"column":2},"end":{"line":2,"column":31}},{"start":{},"end":{}}],"line":2},"1":{"loc":{"start":{"line":4,"column":2},"end":{"line":4,"column":31}},"type":"if","locations":[{"start":{"line":4,"column":2},"end":{"line":4,"column":31}},{"start":{},"end":{}}],"line":4},"2":{"loc":{"start":{"line":6,"column":2},"end":{"line":6,"column":31}},"type":"if","locations":[{"start":{"line":6,"column":2},"end":{"line":6,"column":31}},{"start":{},"end":{}}],"line":6},"3":{"loc":{"start":{"line":8,"column":2},"end":{"line":12,"column":3}},"type":"if","locations":[{"start":{"line":8,"column":2},"end":{"line":12,"column":3}},{"start":{},"end":{}}],"line":8}},"s":{"0":5,"1":1,"2":4,"3":1,"4":3,"5":1,"6":2,"7":2,"8":2,"9":2,"10":1},"f":{"0":5},"b":{"0":[1,4],"1":[1,3],"2":[1,2],"3":[2,0]},"_coverageSchema":"1a1c01bbd47fc00a2c39e90264f33305004495a9","hash":"18483a7e1941aef0aa14203d88d26be533d957c0"}
}
